||01-01-2023||11:51:00||http-nio-8080-exec-5||INFO||ExampleController||AdminTry||Successfully saved a Bid with ID 21.
||01-01-2023||00:21:00||http-nio-8080-exec-5||ERROR||ExampleController||WillyWonka||Successfully updated a Maintenance Order with ID 19.
||01-01-2023||00:19:00||http-nio-8080-exec-5||ERROR||ExampleController||Auctioneer||Successfully updated a Shipment with ID 45.
||01-02-2023||01:39:00||http-nio-8080-exec-5||INFO||ExampleController||Ship4U||Successfully updated a VehicleType with ID 32.
||01-02-2023||00:32:00||http-nio-8080-exec-5||ERROR||ExampleController||AdminTry||Successfully saved a Location with ID 13.
||01-02-2023||00:13:00||http-nio-8080-exec-5||ERROR||ExampleController||Carrier||Successfully saved a Technician with ID 40.
||01-03-2023||02:23:00||http-nio-8080-exec-5||ERROR||ExampleController||Ship4U||Successfully deleted a Bid with ID 50.
||01-03-2023||00:50:00||http-nio-8080-exec-5||ERROR||ExampleController||Shipper||Successfully deleted a Location with ID 37.
||01-03-2023||00:37:00||http-nio-8080-exec-5||ERROR||ExampleController||AdminTry||Successfully updated a Vehicle with ID 20.
||01-04-2023||17:30:00||http-nio-8080-exec-5||INFO||ExampleController||Shipper||Successfully saved a Maintenance Order with ID 24.
||01-04-2023||00:24:00||http-nio-8080-exec-5||INFO||ExampleController||Carrier||Successfully saved a Shipment with ID 19.
||01-04-2023||00:19:00||http-nio-8080-exec-5||INFO||ExampleController||Shipper||Successfully deleted a Maintenance Order with ID 34.
||01-05-2023||08:53:00||http-nio-8080-exec-5||INFO||ExampleController||AdminTry||Successfully deleted a Location with ID 20.
||01-05-2023||00:20:00||http-nio-8080-exec-5||ERROR||ExampleController||Ship4U||Successfully deleted a Bid with ID 49.
||01-05-2023||00:49:00||http-nio-8080-exec-5||INFO||ExampleController||Auctioneer||Successfully deleted a Vehicle with ID 21.
||01-06-2023||18:09:00||http-nio-8080-exec-5||INFO||ExampleController||Carrier||Successfully deleted a Maintenance Order with ID 1.
||01-06-2023||00:01:00||http-nio-8080-exec-5||ERROR||ExampleController||Carrier||Successfully deleted a Technician with ID 44.
||01-06-2023||00:44:00||http-nio-8080-exec-5||ERROR||ExampleController||Auctioneer||Successfully saved a Driver with ID 23.
||01-07-2023||15:39:00||http-nio-8080-exec-5||INFO||ExampleController||Auctioneer||Successfully updated a Shipment with ID 36.
||01-07-2023||00:36:00||http-nio-8080-exec-5||ERROR||ExampleController||WillyWonka||Successfully deleted a Shipment with ID 34.
||01-07-2023||00:34:00||http-nio-8080-exec-5||INFO||ExampleController||Carrier||Successfully updated a VehicleType with ID 49.
||01-08-2023||11:15:00||http-nio-8080-exec-5||ERROR||ExampleController||Auctioneer||Successfully deleted a VehicleType with ID 50.
||01-08-2023||00:50:00||http-nio-8080-exec-5||INFO||ExampleController||AdminTry||Successfully updated a Driver with ID 22.
||01-08-2023||00:22:00||http-nio-8080-exec-5||INFO||ExampleController||ShadowAdmin||Successfully deleted a Location with ID 22.
||01-09-2023||23:50:00||http-nio-8080-exec-5||INFO||ExampleController||Auctioneer||Successfully deleted a VehicleType with ID 43.
||01-09-2023||00:43:00||http-nio-8080-exec-5||INFO||ExampleController||WillyWonka||Successfully saved a Maintenance Order with ID 16.
||01-09-2023||00:16:00||http-nio-8080-exec-5||ERROR||ExampleController||Shipper||Successfully updated a Contact with ID 2.
||01-10-2023||10:22:00||http-nio-8080-exec-5||ERROR||ExampleController||WillyWonka||Successfully updated a Maintenance Order with ID 38.
||01-10-2023||00:38:00||http-nio-8080-exec-5||INFO||ExampleController||Carrier||Successfully saved a VehicleType with ID 40.
||01-10-2023||00:40:00||http-nio-8080-exec-5||ERROR||ExampleController||ShadowAdmin||Successfully deleted a Technician with ID 41.
||01-11-2023||01:36:00||http-nio-8080-exec-5||INFO||ExampleController||Carrier||Successfully saved a Maintenance Order with ID 30.
||01-11-2023||00:30:00||http-nio-8080-exec-5||INFO||ExampleController||AdminTry||Successfully deleted a VehicleType with ID 50.
||01-11-2023||00:50:00||http-nio-8080-exec-5||INFO||ExampleController||Carrier||Successfully updated a Contact with ID 1.
||01-12-2023||07:25:00||http-nio-8080-exec-5||ERROR||ExampleController||Carrier||Successfully saved a Bid with ID 5.
||01-12-2023||00:05:00||http-nio-8080-exec-5||ERROR||ExampleController||Ship4U||Successfully saved a VehicleType with ID 14.
||01-12-2023||00:14:00||http-nio-8080-exec-5||ERROR||ExampleController||ShadowAdmin||Successfully updated a Maintenance Order with ID 48.
||01-13-2023||17:50:00||http-nio-8080-exec-5||ERROR||ExampleController||Auctioneer||Successfully deleted a Maintenance Order with ID 10.
||01-13-2023||00:10:00||http-nio-8080-exec-5||INFO||ExampleController||WillyWonka||Successfully deleted a VehicleType with ID 10.
||01-13-2023||00:10:00||http-nio-8080-exec-5||INFO||ExampleController||ShadowAdmin||Successfully saved a Shipment with ID 1.
||01-14-2023||07:39:00||http-nio-8080-exec-5||INFO||ExampleController||ShadowAdmin||Successfully saved a Shipment with ID 23.
||01-14-2023||00:23:00||http-nio-8080-exec-5||ERROR||ExampleController||ShadowAdmin||Successfully saved a Location with ID 14.
||01-14-2023||00:14:00||http-nio-8080-exec-5||ERROR||ExampleController||ShadowAdmin||Successfully saved a Shipment with ID 27.
||01-15-2023||05:57:00||http-nio-8080-exec-5||ERROR||ExampleController||AdminTry||Successfully updated a Contact with ID 27.
||01-15-2023||00:27:00||http-nio-8080-exec-5||INFO||ExampleController||ShadowAdmin||Successfully deleted a Vehicle with ID 19.
||01-15-2023||00:19:00||http-nio-8080-exec-5||INFO||ExampleController||Ship4U||Successfully deleted a Contact with ID 20.
||01-16-2023||22:06:00||http-nio-8080-exec-5||INFO||ExampleController||WillyWonka||Successfully updated a Driver with ID 9.
||01-16-2023||00:09:00||http-nio-8080-exec-5||ERROR||ExampleController||Carrier||Successfully saved a Location with ID 13.
||01-16-2023||00:13:00||http-nio-8080-exec-5||INFO||ExampleController||Carrier||Successfully deleted a Contact with ID 20.
||01-17-2023||07:49:00||http-nio-8080-exec-5||INFO||ExampleController||Ship4U||Successfully saved a Vehicle with ID 14.
||01-17-2023||00:14:00||http-nio-8080-exec-5||INFO||ExampleController||AdminTry||Successfully deleted a Location with ID 46.
||01-17-2023||00:46:00||http-nio-8080-exec-5||INFO||ExampleController||ShadowAdmin||Successfully saved a Contact with ID 1.
||01-18-2023||11:57:00||http-nio-8080-exec-5||INFO||ExampleController||ShadowAdmin||Successfully deleted a Maintenance Order with ID 23.
||01-18-2023||00:23:00||http-nio-8080-exec-5||INFO||ExampleController||Shipper||Successfully saved a Technician with ID 37.
||01-18-2023||00:37:00||http-nio-8080-exec-5||INFO||ExampleController||Carrier||Successfully updated a Shipment with ID 44.
||01-19-2023||09:05:00||http-nio-8080-exec-5||ERROR||ExampleController||AdminTry||Successfully updated a Contact with ID 6.
||01-19-2023||00:06:00||http-nio-8080-exec-5||ERROR||ExampleController||Shipper||Successfully updated a Driver with ID 40.
||01-19-2023||00:40:00||http-nio-8080-exec-5||INFO||ExampleController||Shipper||Successfully updated a Bid with ID 23.
||01-20-2023||09:05:00||http-nio-8080-exec-5||ERROR||ExampleController||WillyWonka||Successfully saved a Bid with ID 23.
||01-20-2023||00:23:00||http-nio-8080-exec-5||INFO||ExampleController||Auctioneer||Successfully deleted a Location with ID 2.
||01-20-2023||00:02:00||http-nio-8080-exec-5||INFO||ExampleController||Shipper||Successfully deleted a Maintenance Order with ID 8.
||01-21-2023||10:33:00||http-nio-8080-exec-5||ERROR||ExampleController||Auctioneer||Successfully deleted a Vehicle with ID 48.
||01-21-2023||00:48:00||http-nio-8080-exec-5||ERROR||ExampleController||Ship4U||Successfully updated a Shipment with ID 2.
||01-21-2023||00:02:00||http-nio-8080-exec-5||ERROR||ExampleController||Auctioneer||Successfully saved a Bid with ID 17.
||01-22-2023||13:23:00||http-nio-8080-exec-5||INFO||ExampleController||ShadowAdmin||Successfully deleted a VehicleType with ID 4.
||01-22-2023||00:04:00||http-nio-8080-exec-5||INFO||ExampleController||WillyWonka||Successfully deleted a Bid with ID 48.
||01-22-2023||00:48:00||http-nio-8080-exec-5||INFO||ExampleController||AdminTry||Successfully deleted a Contact with ID 37.
||01-23-2023||03:46:00||http-nio-8080-exec-5||INFO||ExampleController||Ship4U||Successfully deleted a Location with ID 16.
||01-23-2023||00:16:00||http-nio-8080-exec-5||INFO||ExampleController||AdminTry||Successfully saved a Shipment with ID 17.
||01-23-2023||00:17:00||http-nio-8080-exec-5||ERROR||ExampleController||AdminTry||Successfully deleted a Vehicle with ID 9.
||01-24-2023||21:54:00||http-nio-8080-exec-5||INFO||ExampleController||WillyWonka||Successfully updated a Bid with ID 29.
||01-24-2023||00:29:00||http-nio-8080-exec-5||ERROR||ExampleController||Carrier||Successfully updated a Shipment with ID 3.
||01-24-2023||00:03:00||http-nio-8080-exec-5||INFO||ExampleController||Auctioneer||Successfully updated a Location with ID 10.
||01-25-2023||05:33:00||http-nio-8080-exec-5||ERROR||ExampleController||Auctioneer||Successfully saved a Technician with ID 26.
||01-25-2023||00:26:00||http-nio-8080-exec-5||INFO||ExampleController||ShadowAdmin||Successfully saved a Vehicle with ID 13.
||01-25-2023||00:13:00||http-nio-8080-exec-5||ERROR||ExampleController||AdminTry||Successfully saved a Driver with ID 44.
||01-26-2023||05:28:00||http-nio-8080-exec-5||ERROR||ExampleController||WillyWonka||Successfully deleted a Vehicle with ID 8.
||01-26-2023||00:08:00||http-nio-8080-exec-5||ERROR||ExampleController||Carrier||Successfully updated a Technician with ID 30.
||01-26-2023||00:30:00||http-nio-8080-exec-5||INFO||ExampleController||ShadowAdmin||Successfully updated a Bid with ID 49.
||01-27-2023||16:44:00||http-nio-8080-exec-5||INFO||ExampleController||Carrier||Successfully saved a Shipment with ID 35.
||01-27-2023||00:35:00||http-nio-8080-exec-5||INFO||ExampleController||ShadowAdmin||Successfully saved a Maintenance Order with ID 8.
||01-27-2023||00:08:00||http-nio-8080-exec-5||ERROR||ExampleController||AdminTry||Successfully updated a Shipment with ID 9.
||01-28-2023||01:09:00||http-nio-8080-exec-5||ERROR||ExampleController||Ship4U||Successfully updated a Bid with ID 27.
||01-28-2023||00:27:00||http-nio-8080-exec-5||INFO||ExampleController||ShadowAdmin||Successfully deleted a VehicleType with ID 37.
||01-28-2023||00:37:00||http-nio-8080-exec-5||ERROR||ExampleController||Auctioneer||Successfully updated a Technician with ID 48.
||01-29-2023||22:14:00||http-nio-8080-exec-5||INFO||ExampleController||Ship4U||Successfully deleted a Shipment with ID 50.
||01-29-2023||00:50:00||http-nio-8080-exec-5||ERROR||ExampleController||Ship4U||Successfully updated a Technician with ID 1.
||01-29-2023||00:01:00||http-nio-8080-exec-5||ERROR||ExampleController||Auctioneer||Successfully saved a Bid with ID 28.
||01-30-2023||08:35:00||http-nio-8080-exec-5||INFO||ExampleController||ShadowAdmin||Successfully updated a VehicleType with ID 16.
||01-30-2023||00:16:00||http-nio-8080-exec-5||INFO||ExampleController||Ship4U||Successfully updated a Technician with ID 13.
||01-30-2023||00:13:00||http-nio-8080-exec-5||ERROR||ExampleController||ShadowAdmin||Successfully deleted a Driver with ID 13.
||01-31-2023||15:53:00||http-nio-8080-exec-5||INFO||ExampleController||Carrier||Successfully updated a VehicleType with ID 11.
||01-31-2023||00:11:00||http-nio-8080-exec-5||INFO||ExampleController||Auctioneer||Successfully saved a Technician with ID 33.
||01-31-2023||00:33:00||http-nio-8080-exec-5||ERROR||ExampleController||Auctioneer||Successfully deleted a Contact with ID 27.
||02-01-2023||20:10:00||http-nio-8080-exec-5||INFO||ExampleController||Auctioneer||Successfully updated a Technician with ID 50.
||02-01-2023||00:50:00||http-nio-8080-exec-5||ERROR||ExampleController||Ship4U||Successfully saved a Contact with ID 26.
||02-01-2023||00:26:00||http-nio-8080-exec-5||ERROR||ExampleController||Ship4U||Successfully updated a Bid with ID 2.
||02-02-2023||03:04:00||http-nio-8080-exec-5||INFO||ExampleController||Auctioneer||Successfully deleted a Location with ID 43.
||02-02-2023||00:43:00||http-nio-8080-exec-5||ERROR||ExampleController||Ship4U||Successfully saved a Bid with ID 38.
||02-02-2023||00:38:00||http-nio-8080-exec-5||ERROR||ExampleController||Shipper||Successfully updated a Vehicle with ID 31.
||02-03-2023||06:29:00||http-nio-8080-exec-5||ERROR||ExampleController||Shipper||Successfully updated a Driver with ID 20.
||02-03-2023||00:20:00||http-nio-8080-exec-5||ERROR||ExampleController||Auctioneer||Successfully updated a Location with ID 43.
||02-03-2023||00:43:00||http-nio-8080-exec-5||INFO||ExampleController||Shipper||Successfully deleted a VehicleType with ID 49.
||02-04-2023||16:40:00||http-nio-8080-exec-5||INFO||ExampleController||ShadowAdmin||Successfully saved a Maintenance Order with ID 27.
||02-04-2023||00:27:00||http-nio-8080-exec-5||ERROR||ExampleController||ShadowAdmin||Successfully saved a Shipment with ID 44.
||02-04-2023||00:44:00||http-nio-8080-exec-5||ERROR||ExampleController||Shipper||Successfully deleted a Location with ID 43.
||02-05-2023||02:10:00||http-nio-8080-exec-5||ERROR||ExampleController||Ship4U||Successfully updated a Technician with ID 50.
||02-05-2023||00:50:00||http-nio-8080-exec-5||INFO||ExampleController||ShadowAdmin||Successfully deleted a Driver with ID 36.
||02-05-2023||00:36:00||http-nio-8080-exec-5||ERROR||ExampleController||Auctioneer||Successfully deleted a Bid with ID 20.
||02-06-2023||22:53:00||http-nio-8080-exec-5||INFO||ExampleController||Ship4U||Successfully saved a Bid with ID 40.
||02-06-2023||00:40:00||http-nio-8080-exec-5||ERROR||ExampleController||AdminTry||Successfully updated a VehicleType with ID 21.
||02-06-2023||00:21:00||http-nio-8080-exec-5||INFO||ExampleController||Carrier||Successfully updated a Location with ID 35.
||02-07-2023||05:50:00||http-nio-8080-exec-5||ERROR||ExampleController||ShadowAdmin||Successfully saved a Vehicle with ID 16.
||02-07-2023||00:16:00||http-nio-8080-exec-5||ERROR||ExampleController||Ship4U||Successfully deleted a Maintenance Order with ID 6.
||02-07-2023||00:06:00||http-nio-8080-exec-5||ERROR||ExampleController||WillyWonka||Successfully deleted a Driver with ID 5.
||02-08-2023||11:55:00||http-nio-8080-exec-5||ERROR||ExampleController||WillyWonka||Successfully saved a Maintenance Order with ID 17.
||02-08-2023||00:17:00||http-nio-8080-exec-5||ERROR||ExampleController||AdminTry||Successfully updated a Vehicle with ID 50.
||02-08-2023||00:50:00||http-nio-8080-exec-5||ERROR||ExampleController||ShadowAdmin||Successfully saved a Technician with ID 20.
||02-09-2023||22:10:00||http-nio-8080-exec-5||ERROR||ExampleController||Shipper||Successfully saved a Driver with ID 47.
||02-09-2023||00:47:00||http-nio-8080-exec-5||INFO||ExampleController||WillyWonka||Successfully saved a Bid with ID 45.
||02-09-2023||00:45:00||http-nio-8080-exec-5||INFO||ExampleController||ShadowAdmin||Successfully deleted a Bid with ID 33.
||02-10-2023||03:48:00||http-nio-8080-exec-5||ERROR||ExampleController||ShadowAdmin||Successfully saved a VehicleType with ID 41.
||02-10-2023||00:41:00||http-nio-8080-exec-5||INFO||ExampleController||AdminTry||Successfully saved a VehicleType with ID 50.
||02-10-2023||00:50:00||http-nio-8080-exec-5||INFO||ExampleController||Ship4U||Successfully deleted a VehicleType with ID 27.
||02-11-2023||01:00:00||http-nio-8080-exec-5||ERROR||ExampleController||Carrier||Successfully updated a Location with ID 26.
||02-11-2023||00:26:00||http-nio-8080-exec-5||INFO||ExampleController||WillyWonka||Successfully saved a Vehicle with ID 36.
||02-11-2023||00:36:00||http-nio-8080-exec-5||INFO||ExampleController||WillyWonka||Successfully deleted a Location with ID 12.
||02-12-2023||22:42:00||http-nio-8080-exec-5||INFO||ExampleController||Auctioneer||Successfully deleted a Bid with ID 33.
||02-12-2023||00:33:00||http-nio-8080-exec-5||INFO||ExampleController||Ship4U||Successfully updated a Driver with ID 5.
||02-12-2023||00:05:00||http-nio-8080-exec-5||INFO||ExampleController||Auctioneer||Successfully updated a VehicleType with ID 3.
||02-13-2023||22:08:00||http-nio-8080-exec-5||ERROR||ExampleController||WillyWonka||Successfully saved a Contact with ID 14.
||02-13-2023||00:14:00||http-nio-8080-exec-5||ERROR||ExampleController||WillyWonka||Successfully saved a Bid with ID 29.
||02-13-2023||00:29:00||http-nio-8080-exec-5||INFO||ExampleController||Shipper||Successfully updated a Location with ID 21.
||02-14-2023||02:34:00||http-nio-8080-exec-5||ERROR||ExampleController||Shipper||Successfully saved a Contact with ID 47.
||02-14-2023||00:47:00||http-nio-8080-exec-5||ERROR||ExampleController||Auctioneer||Successfully deleted a Technician with ID 8.
||02-14-2023||00:08:00||http-nio-8080-exec-5||ERROR||ExampleController||Shipper||Successfully saved a Driver with ID 44.
||02-15-2023||07:04:00||http-nio-8080-exec-5||ERROR||ExampleController||ShadowAdmin||Successfully deleted a Vehicle with ID 35.
||02-15-2023||00:35:00||http-nio-8080-exec-5||ERROR||ExampleController||Auctioneer||Successfully deleted a Vehicle with ID 34.
||02-15-2023||00:34:00||http-nio-8080-exec-5||ERROR||ExampleController||Ship4U||Successfully saved a Contact with ID 34.
||02-16-2023||21:07:00||http-nio-8080-exec-5||INFO||ExampleController||WillyWonka||Successfully updated a Driver with ID 44.
||02-16-2023||00:44:00||http-nio-8080-exec-5||ERROR||ExampleController||WillyWonka||Successfully deleted a Vehicle with ID 46.
||02-16-2023||00:46:00||http-nio-8080-exec-5||ERROR||ExampleController||WillyWonka||Successfully saved a Contact with ID 33.
||02-17-2023||18:33:00||http-nio-8080-exec-5||INFO||ExampleController||ShadowAdmin||Successfully updated a VehicleType with ID 20.
||02-17-2023||00:20:00||http-nio-8080-exec-5||ERROR||ExampleController||Shipper||Successfully deleted a Shipment with ID 4.
||02-17-2023||00:04:00||http-nio-8080-exec-5||INFO||ExampleController||Carrier||Successfully saved a Shipment with ID 45.
||02-18-2023||02:07:00||http-nio-8080-exec-5||INFO||ExampleController||Ship4U||Successfully saved a Contact with ID 48.
||02-18-2023||00:48:00||http-nio-8080-exec-5||INFO||ExampleController||AdminTry||Successfully updated a Bid with ID 25.
||02-18-2023||00:25:00||http-nio-8080-exec-5||INFO||ExampleController||Ship4U||Successfully deleted a Shipment with ID 5.
||02-19-2023||23:16:00||http-nio-8080-exec-5||ERROR||ExampleController||WillyWonka||Successfully deleted a Shipment with ID 1.
||02-19-2023||00:01:00||http-nio-8080-exec-5||ERROR||ExampleController||AdminTry||Successfully saved a Driver with ID 6.
||02-19-2023||00:06:00||http-nio-8080-exec-5||ERROR||ExampleController||Ship4U||Successfully saved a VehicleType with ID 21.
||02-20-2023||17:24:00||http-nio-8080-exec-5||ERROR||ExampleController||Carrier||Successfully saved a Location with ID 17.
||02-20-2023||00:17:00||http-nio-8080-exec-5||ERROR||ExampleController||Shipper||Successfully saved a Technician with ID 18.
||02-20-2023||00:18:00||http-nio-8080-exec-5||ERROR||ExampleController||Carrier||Successfully saved a Location with ID 32.
||02-21-2023||11:09:00||http-nio-8080-exec-5||INFO||ExampleController||Shipper||Successfully saved a Maintenance Order with ID 46.
||02-21-2023||00:46:00||http-nio-8080-exec-5||ERROR||ExampleController||WillyWonka||Successfully saved a Technician with ID 11.
||02-21-2023||00:11:00||http-nio-8080-exec-5||INFO||ExampleController||Auctioneer||Successfully saved a Location with ID 10.
||02-22-2023||09:52:00||http-nio-8080-exec-5||INFO||ExampleController||Auctioneer||Successfully saved a Contact with ID 9.
||02-22-2023||00:09:00||http-nio-8080-exec-5||ERROR||ExampleController||Ship4U||Successfully deleted a Vehicle with ID 37.
||02-22-2023||00:37:00||http-nio-8080-exec-5||ERROR||ExampleController||ShadowAdmin||Successfully deleted a Maintenance Order with ID 8.
||02-23-2023||08:18:00||http-nio-8080-exec-5||ERROR||ExampleController||WillyWonka||Successfully saved a Driver with ID 49.
||02-23-2023||00:49:00||http-nio-8080-exec-5||INFO||ExampleController||Carrier||Successfully deleted a Shipment with ID 22.
||02-23-2023||00:22:00||http-nio-8080-exec-5||INFO||ExampleController||AdminTry||Successfully deleted a Vehicle with ID 42.
||02-24-2023||18:48:00||http-nio-8080-exec-5||INFO||ExampleController||AdminTry||Successfully updated a Shipment with ID 46.
||02-24-2023||00:46:00||http-nio-8080-exec-5||INFO||ExampleController||Ship4U||Successfully deleted a Shipment with ID 10.
||02-24-2023||00:10:00||http-nio-8080-exec-5||ERROR||ExampleController||Shipper||Successfully saved a Maintenance Order with ID 11.
||02-25-2023||04:57:00||http-nio-8080-exec-5||INFO||ExampleController||WillyWonka||Successfully deleted a Bid with ID 50.
||02-25-2023||00:50:00||http-nio-8080-exec-5||INFO||ExampleController||Shipper||Successfully saved a Technician with ID 27.
||02-25-2023||00:27:00||http-nio-8080-exec-5||ERROR||ExampleController||Shipper||Successfully updated a Contact with ID 7.
||02-26-2023||09:01:00||http-nio-8080-exec-5||INFO||ExampleController||AdminTry||Successfully saved a Vehicle with ID 10.
||02-26-2023||00:10:00||http-nio-8080-exec-5||INFO||ExampleController||Shipper||Successfully deleted a Maintenance Order with ID 50.
||02-26-2023||00:50:00||http-nio-8080-exec-5||INFO||ExampleController||Shipper||Successfully updated a Contact with ID 48.
||02-27-2023||04:55:00||http-nio-8080-exec-5||ERROR||ExampleController||Shipper||Successfully updated a Technician with ID 14.
||02-27-2023||00:14:00||http-nio-8080-exec-5||INFO||ExampleController||WillyWonka||Successfully saved a Shipment with ID 41.
||02-27-2023||00:41:00||http-nio-8080-exec-5||INFO||ExampleController||Carrier||Successfully deleted a Bid with ID 29.
||02-28-2023||07:18:00||http-nio-8080-exec-5||INFO||ExampleController||Auctioneer||Successfully saved a Contact with ID 7.
||02-28-2023||00:07:00||http-nio-8080-exec-5||INFO||ExampleController||Ship4U||Successfully updated a Maintenance Order with ID 6.
||02-28-2023||00:06:00||http-nio-8080-exec-5||ERROR||ExampleController||ShadowAdmin||Successfully updated a Shipment with ID 49.
||03-01-2023||11:51:00||http-nio-8080-exec-5||ERROR||ExampleController||WillyWonka||Successfully updated a Contact with ID 19.
||03-01-2023||00:19:00||http-nio-8080-exec-5||INFO||ExampleController||Shipper||Successfully deleted a Bid with ID 41.
||03-01-2023||00:41:00||http-nio-8080-exec-5||ERROR||ExampleController||Ship4U||Successfully deleted a Driver with ID 47.
||03-02-2023||14:36:00||http-nio-8080-exec-5||ERROR||ExampleController||Carrier||Successfully saved a Bid with ID 47.
||03-02-2023||00:47:00||http-nio-8080-exec-5||ERROR||ExampleController||ShadowAdmin||Successfully saved a VehicleType with ID 47.
||03-02-2023||00:47:00||http-nio-8080-exec-5||ERROR||ExampleController||Auctioneer||Successfully updated a Shipment with ID 42.
||03-03-2023||19:41:00||http-nio-8080-exec-5||INFO||ExampleController||Auctioneer||Successfully updated a Technician with ID 7.
||03-03-2023||00:07:00||http-nio-8080-exec-5||ERROR||ExampleController||Ship4U||Successfully deleted a VehicleType with ID 18.
||03-03-2023||00:18:00||http-nio-8080-exec-5||ERROR||ExampleController||Carrier||Successfully updated a Location with ID 30.
||03-04-2023||16:49:00||http-nio-8080-exec-5||INFO||ExampleController||Auctioneer||Successfully updated a Maintenance Order with ID 46.
||03-04-2023||00:46:00||http-nio-8080-exec-5||ERROR||ExampleController||ShadowAdmin||Successfully saved a Driver with ID 29.
||03-04-2023||00:29:00||http-nio-8080-exec-5||ERROR||ExampleController||Ship4U||Successfully saved a Vehicle with ID 24.
||03-05-2023||11:36:00||http-nio-8080-exec-5||ERROR||ExampleController||WillyWonka||Successfully saved a Maintenance Order with ID 26.
||03-05-2023||00:26:00||http-nio-8080-exec-5||INFO||ExampleController||Shipper||Successfully deleted a Bid with ID 21.
||03-05-2023||00:21:00||http-nio-8080-exec-5||INFO||ExampleController||Auctioneer||Successfully updated a Driver with ID 29.
||03-06-2023||19:31:00||http-nio-8080-exec-5||INFO||ExampleController||Carrier||Successfully updated a Driver with ID 4.
||03-06-2023||00:04:00||http-nio-8080-exec-5||INFO||ExampleController||ShadowAdmin||Successfully updated a VehicleType with ID 12.
||03-06-2023||00:12:00||http-nio-8080-exec-5||INFO||ExampleController||Ship4U||Successfully deleted a VehicleType with ID 48.
||03-07-2023||11:29:00||http-nio-8080-exec-5||INFO||ExampleController||Auctioneer||Successfully saved a Bid with ID 48.
||03-07-2023||00:48:00||http-nio-8080-exec-5||ERROR||ExampleController||WillyWonka||Successfully saved a Shipment with ID 34.
||03-07-2023||00:34:00||http-nio-8080-exec-5||INFO||ExampleController||Carrier||Successfully updated a Contact with ID 47.
||03-08-2023||09:57:00||http-nio-8080-exec-5||INFO||ExampleController||ShadowAdmin||Successfully deleted a Driver with ID 39.
||03-08-2023||00:39:00||http-nio-8080-exec-5||INFO||ExampleController||Shipper||Successfully deleted a Contact with ID 49.
||03-08-2023||00:49:00||http-nio-8080-exec-5||ERROR||ExampleController||WillyWonka||Successfully updated a Vehicle with ID 4.
||03-09-2023||00:23:00||http-nio-8080-exec-5||ERROR||ExampleController||Shipper||Successfully updated a Vehicle with ID 46.
||03-09-2023||00:46:00||http-nio-8080-exec-5||INFO||ExampleController||Ship4U||Successfully deleted a Bid with ID 9.
||03-09-2023||00:09:00||http-nio-8080-exec-5||INFO||ExampleController||AdminTry||Successfully deleted a Contact with ID 31.
||03-10-2023||06:37:00||http-nio-8080-exec-5||ERROR||ExampleController||Ship4U||Successfully deleted a Vehicle with ID 46.
||03-10-2023||00:46:00||http-nio-8080-exec-5||ERROR||ExampleController||WillyWonka||Successfully saved a Shipment with ID 41.
||03-10-2023||00:41:00||http-nio-8080-exec-5||ERROR||ExampleController||Auctioneer||Successfully updated a Driver with ID 21.
||03-11-2023||17:32:00||http-nio-8080-exec-5||ERROR||ExampleController||WillyWonka||Successfully saved a VehicleType with ID 30.
||03-11-2023||00:30:00||http-nio-8080-exec-5||INFO||ExampleController||WillyWonka||Successfully updated a Contact with ID 25.
||03-11-2023||00:25:00||http-nio-8080-exec-5||INFO||ExampleController||WillyWonka||Successfully updated a Bid with ID 41.
||03-12-2023||14:49:00||http-nio-8080-exec-5||INFO||ExampleController||WillyWonka||Successfully saved a Vehicle with ID 28.
||03-12-2023||00:28:00||http-nio-8080-exec-5||ERROR||ExampleController||Ship4U||Successfully deleted a Shipment with ID 28.
||03-12-2023||00:28:00||http-nio-8080-exec-5||INFO||ExampleController||Shipper||Successfully saved a Contact with ID 41.
||03-13-2023||19:44:00||http-nio-8080-exec-5||INFO||ExampleController||ShadowAdmin||Successfully updated a Bid with ID 41.
||03-13-2023||00:41:00||http-nio-8080-exec-5||INFO||ExampleController||Carrier||Successfully updated a Driver with ID 43.
||03-13-2023||00:43:00||http-nio-8080-exec-5||INFO||ExampleController||Ship4U||Successfully deleted a Technician with ID 16.
||03-14-2023||19:11:00||http-nio-8080-exec-5||INFO||ExampleController||WillyWonka||Successfully deleted a Vehicle with ID 32.
||03-14-2023||00:32:00||http-nio-8080-exec-5||ERROR||ExampleController||ShadowAdmin||Successfully updated a Bid with ID 5.
||03-14-2023||00:05:00||http-nio-8080-exec-5||ERROR||ExampleController||Auctioneer||Successfully updated a Vehicle with ID 34.
||03-15-2023||19:07:00||http-nio-8080-exec-5||ERROR||ExampleController||Carrier||Successfully deleted a Shipment with ID 13.
||03-15-2023||00:13:00||http-nio-8080-exec-5||ERROR||ExampleController||Shipper||Successfully deleted a Maintenance Order with ID 11.
||03-15-2023||00:11:00||http-nio-8080-exec-5||ERROR||ExampleController||Carrier||Successfully updated a Shipment with ID 49.
||03-16-2023||05:33:00||http-nio-8080-exec-5||ERROR||ExampleController||Ship4U||Successfully updated a Driver with ID 9.
||03-16-2023||00:09:00||http-nio-8080-exec-5||INFO||ExampleController||Auctioneer||Successfully saved a Technician with ID 49.
||03-16-2023||00:49:00||http-nio-8080-exec-5||ERROR||ExampleController||Shipper||Successfully deleted a Contact with ID 29.
||03-17-2023||12:45:00||http-nio-8080-exec-5||INFO||ExampleController||Carrier||Successfully updated a Maintenance Order with ID 45.
||03-17-2023||00:45:00||http-nio-8080-exec-5||ERROR||ExampleController||WillyWonka||Successfully saved a Shipment with ID 50.
||03-17-2023||00:50:00||http-nio-8080-exec-5||ERROR||ExampleController||Shipper||Successfully updated a VehicleType with ID 44.
||03-18-2023||20:57:00||http-nio-8080-exec-5||INFO||ExampleController||WillyWonka||Successfully deleted a Bid with ID 16.
||03-18-2023||00:16:00||http-nio-8080-exec-5||ERROR||ExampleController||WillyWonka||Successfully deleted a VehicleType with ID 41.
||03-18-2023||00:41:00||http-nio-8080-exec-5||INFO||ExampleController||Shipper||Successfully saved a Shipment with ID 32.
||03-19-2023||00:35:00||http-nio-8080-exec-5||INFO||ExampleController||Auctioneer||Successfully saved a Driver with ID 27.
||03-19-2023||00:27:00||http-nio-8080-exec-5||INFO||ExampleController||Carrier||Successfully updated a Contact with ID 21.
||03-19-2023||00:21:00||http-nio-8080-exec-5||ERROR||ExampleController||Shipper||Successfully saved a Contact with ID 48.
||03-20-2023||04:16:00||http-nio-8080-exec-5||ERROR||ExampleController||Carrier||Successfully saved a Bid with ID 22.
||03-20-2023||00:22:00||http-nio-8080-exec-5||INFO||ExampleController||Shipper||Successfully deleted a Maintenance Order with ID 43.
||03-20-2023||00:43:00||http-nio-8080-exec-5||ERROR||ExampleController||Shipper||Successfully deleted a Shipment with ID 44.
||03-21-2023||14:10:00||http-nio-8080-exec-5||ERROR||ExampleController||ShadowAdmin||Successfully deleted a Vehicle with ID 33.
||03-21-2023||00:33:00||http-nio-8080-exec-5||ERROR||ExampleController||ShadowAdmin||Successfully updated a Location with ID 24.
||03-21-2023||00:24:00||http-nio-8080-exec-5||INFO||ExampleController||Auctioneer||Successfully deleted a Location with ID 31.
||03-22-2023||06:13:00||http-nio-8080-exec-5||INFO||ExampleController||Auctioneer||Successfully updated a Driver with ID 34.
||03-22-2023||00:34:00||http-nio-8080-exec-5||ERROR||ExampleController||ShadowAdmin||Successfully saved a Location with ID 36.
||03-22-2023||00:36:00||http-nio-8080-exec-5||ERROR||ExampleController||Shipper||Successfully saved a Driver with ID 33.
||03-23-2023||15:18:00||http-nio-8080-exec-5||INFO||ExampleController||ShadowAdmin||Successfully updated a Technician with ID 18.
||03-23-2023||00:18:00||http-nio-8080-exec-5||ERROR||ExampleController||Auctioneer||Successfully updated a Driver with ID 11.
||03-23-2023||00:11:00||http-nio-8080-exec-5||INFO||ExampleController||Ship4U||Successfully deleted a Vehicle with ID 23.
||03-24-2023||03:25:00||http-nio-8080-exec-5||ERROR||ExampleController||Carrier||Successfully deleted a VehicleType with ID 2.
||03-24-2023||00:02:00||http-nio-8080-exec-5||INFO||ExampleController||Ship4U||Successfully updated a Shipment with ID 39.
||03-24-2023||00:39:00||http-nio-8080-exec-5||INFO||ExampleController||ShadowAdmin||Successfully saved a Shipment with ID 33.
||03-25-2023||04:02:00||http-nio-8080-exec-5||ERROR||ExampleController||Auctioneer||Successfully saved a Location with ID 20.
||03-25-2023||00:20:00||http-nio-8080-exec-5||ERROR||ExampleController||AdminTry||Successfully saved a Bid with ID 18.
||03-25-2023||00:18:00||http-nio-8080-exec-5||INFO||ExampleController||Shipper||Successfully updated a Driver with ID 38.
||03-26-2023||22:25:00||http-nio-8080-exec-5||INFO||ExampleController||WillyWonka||Successfully deleted a Vehicle with ID 11.
||03-26-2023||00:11:00||http-nio-8080-exec-5||ERROR||ExampleController||Ship4U||Successfully saved a Driver with ID 30.
||03-26-2023||00:30:00||http-nio-8080-exec-5||INFO||ExampleController||Carrier||Successfully updated a Contact with ID 13.
||03-27-2023||15:57:00||http-nio-8080-exec-5||INFO||ExampleController||Shipper||Successfully updated a Technician with ID 14.
||03-27-2023||00:14:00||http-nio-8080-exec-5||ERROR||ExampleController||AdminTry||Successfully saved a Vehicle with ID 48.
||03-27-2023||00:48:00||http-nio-8080-exec-5||INFO||ExampleController||ShadowAdmin||Successfully deleted a Driver with ID 40.
||03-28-2023||16:46:00||http-nio-8080-exec-5||INFO||ExampleController||Ship4U||Successfully updated a Contact with ID 32.
||03-28-2023||00:32:00||http-nio-8080-exec-5||INFO||ExampleController||Auctioneer||Successfully updated a Maintenance Order with ID 12.
||03-28-2023||00:12:00||http-nio-8080-exec-5||INFO||ExampleController||Carrier||Successfully updated a Technician with ID 4.
||03-29-2023||21:04:00||http-nio-8080-exec-5||INFO||ExampleController||ShadowAdmin||Successfully deleted a VehicleType with ID 25.
||03-29-2023||00:25:00||http-nio-8080-exec-5||INFO||ExampleController||Ship4U||Successfully saved a Contact with ID 39.
||03-29-2023||00:39:00||http-nio-8080-exec-5||ERROR||ExampleController||Ship4U||Successfully saved a Vehicle with ID 36.
||03-30-2023||16:52:00||http-nio-8080-exec-5||ERROR||ExampleController||Carrier||Successfully saved a Bid with ID 30.
||03-30-2023||00:30:00||http-nio-8080-exec-5||INFO||ExampleController||Auctioneer||Successfully deleted a Maintenance Order with ID 30.
||03-30-2023||00:30:00||http-nio-8080-exec-5||ERROR||ExampleController||WillyWonka||Successfully updated a Contact with ID 19.
||03-31-2023||14:20:00||http-nio-8080-exec-5||ERROR||ExampleController||Ship4U||Successfully saved a Location with ID 33.
||03-31-2023||00:33:00||http-nio-8080-exec-5||ERROR||ExampleController||ShadowAdmin||Successfully saved a Vehicle with ID 29.
||03-31-2023||00:29:00||http-nio-8080-exec-5||ERROR||ExampleController||Carrier||Successfully saved a Maintenance Order with ID 49.
||04-01-2023||04:11:00||http-nio-8080-exec-5||ERROR||ExampleController||Auctioneer||Successfully saved a VehicleType with ID 18.
||04-01-2023||00:18:00||http-nio-8080-exec-5||ERROR||ExampleController||Auctioneer||Successfully updated a VehicleType with ID 36.
||04-01-2023||00:36:00||http-nio-8080-exec-5||INFO||ExampleController||Carrier||Successfully deleted a Shipment with ID 43.
||04-02-2023||06:31:00||http-nio-8080-exec-5||INFO||ExampleController||Carrier||Successfully deleted a Vehicle with ID 17.
||04-02-2023||00:17:00||http-nio-8080-exec-5||INFO||ExampleController||Shipper||Successfully deleted a VehicleType with ID 46.
||04-02-2023||00:46:00||http-nio-8080-exec-5||ERROR||ExampleController||Carrier||Successfully updated a Technician with ID 13.
||04-03-2023||12:35:00||http-nio-8080-exec-5||ERROR||ExampleController||AdminTry||Successfully saved a Shipment with ID 26.
||04-03-2023||00:26:00||http-nio-8080-exec-5||INFO||ExampleController||WillyWonka||Successfully updated a Technician with ID 14.
||04-03-2023||00:14:00||http-nio-8080-exec-5||ERROR||ExampleController||ShadowAdmin||Successfully deleted a Shipment with ID 48.
||04-04-2023||20:37:00||http-nio-8080-exec-5||INFO||ExampleController||AdminTry||Successfully deleted a Shipment with ID 31.
||04-04-2023||00:31:00||http-nio-8080-exec-5||ERROR||ExampleController||WillyWonka||Successfully saved a Driver with ID 41.
||04-04-2023||00:41:00||http-nio-8080-exec-5||INFO||ExampleController||WillyWonka||Successfully deleted a Shipment with ID 6.
||04-05-2023||15:38:00||http-nio-8080-exec-5||ERROR||ExampleController||ShadowAdmin||Successfully updated a Driver with ID 40.
||04-05-2023||00:40:00||http-nio-8080-exec-5||ERROR||ExampleController||Auctioneer||Successfully deleted a Vehicle with ID 4.
||04-05-2023||00:04:00||http-nio-8080-exec-5||ERROR||ExampleController||Carrier||Successfully saved a Driver with ID 16.
||04-06-2023||23:25:00||http-nio-8080-exec-5||ERROR||ExampleController||WillyWonka||Successfully deleted a Contact with ID 32.
||04-06-2023||00:32:00||http-nio-8080-exec-5||INFO||ExampleController||Carrier||Successfully deleted a Bid with ID 10.
||04-06-2023||00:10:00||http-nio-8080-exec-5||INFO||ExampleController||Shipper||Successfully updated a Contact with ID 45.
||04-07-2023||20:40:00||http-nio-8080-exec-5||ERROR||ExampleController||Ship4U||Successfully saved a Maintenance Order with ID 38.
||04-07-2023||00:38:00||http-nio-8080-exec-5||ERROR||ExampleController||AdminTry||Successfully saved a Contact with ID 34.
||04-07-2023||00:34:00||http-nio-8080-exec-5||ERROR||ExampleController||Carrier||Successfully deleted a Maintenance Order with ID 19.
||04-08-2023||09:35:00||http-nio-8080-exec-5||INFO||ExampleController||Ship4U||Successfully deleted a Shipment with ID 43.
||04-08-2023||00:43:00||http-nio-8080-exec-5||INFO||ExampleController||Shipper||Successfully saved a Vehicle with ID 25.
||04-08-2023||00:25:00||http-nio-8080-exec-5||INFO||ExampleController||Auctioneer||Successfully updated a Driver with ID 15.
||04-09-2023||07:34:00||http-nio-8080-exec-5||INFO||ExampleController||Carrier||Successfully updated a Shipment with ID 33.
||04-09-2023||00:33:00||http-nio-8080-exec-5||ERROR||ExampleController||AdminTry||Successfully updated a Driver with ID 17.
||04-09-2023||00:17:00||http-nio-8080-exec-5||INFO||ExampleController||Ship4U||Successfully deleted a Vehicle with ID 7.
||04-10-2023||15:19:00||http-nio-8080-exec-5||ERROR||ExampleController||Shipper||Successfully updated a VehicleType with ID 22.
||04-10-2023||00:22:00||http-nio-8080-exec-5||INFO||ExampleController||AdminTry||Successfully updated a Maintenance Order with ID 39.
||04-10-2023||00:39:00||http-nio-8080-exec-5||INFO||ExampleController||AdminTry||Successfully saved a Bid with ID 29.
||04-11-2023||05:44:00||http-nio-8080-exec-5||INFO||ExampleController||AdminTry||Successfully updated a Maintenance Order with ID 28.
||04-11-2023||00:28:00||http-nio-8080-exec-5||ERROR||ExampleController||WillyWonka||Successfully saved a VehicleType with ID 32.
||04-11-2023||00:32:00||http-nio-8080-exec-5||INFO||ExampleController||Ship4U||Successfully deleted a Driver with ID 45.
||04-12-2023||16:52:00||http-nio-8080-exec-5||INFO||ExampleController||Auctioneer||Successfully deleted a Bid with ID 14.
||04-12-2023||00:14:00||http-nio-8080-exec-5||ERROR||ExampleController||Auctioneer||Successfully deleted a VehicleType with ID 38.
||04-12-2023||00:38:00||http-nio-8080-exec-5||INFO||ExampleController||ShadowAdmin||Successfully updated a Vehicle with ID 23.
||04-13-2023||12:13:00||http-nio-8080-exec-5||ERROR||ExampleController||WillyWonka||Successfully updated a Technician with ID 49.
||04-13-2023||00:49:00||http-nio-8080-exec-5||INFO||ExampleController||Shipper||Successfully saved a Contact with ID 43.
||04-13-2023||00:43:00||http-nio-8080-exec-5||INFO||ExampleController||ShadowAdmin||Successfully deleted a Contact with ID 11.
||04-14-2023||06:37:00||http-nio-8080-exec-5||ERROR||ExampleController||ShadowAdmin||Successfully deleted a Vehicle with ID 46.
||04-14-2023||00:46:00||http-nio-8080-exec-5||ERROR||ExampleController||Shipper||Successfully updated a Vehicle with ID 42.
||04-14-2023||00:42:00||http-nio-8080-exec-5||INFO||ExampleController||Shipper||Successfully deleted a Maintenance Order with ID 38.
||04-15-2023||19:07:00||http-nio-8080-exec-5||ERROR||ExampleController||Auctioneer||Successfully saved a Contact with ID 43.
||04-15-2023||00:43:00||http-nio-8080-exec-5||INFO||ExampleController||Auctioneer||Successfully saved a Bid with ID 12.
||04-15-2023||00:12:00||http-nio-8080-exec-5||ERROR||ExampleController||Carrier||Successfully deleted a Driver with ID 17.
||04-16-2023||18:34:00||http-nio-8080-exec-5||INFO||ExampleController||WillyWonka||Successfully updated a Technician with ID 17.
||04-16-2023||00:17:00||http-nio-8080-exec-5||ERROR||ExampleController||Shipper||Successfully updated a Bid with ID 33.
||04-16-2023||00:33:00||http-nio-8080-exec-5||ERROR||ExampleController||Carrier||Successfully saved a Technician with ID 15.
||04-17-2023||17:37:00||http-nio-8080-exec-5||INFO||ExampleController||Auctioneer||Successfully saved a VehicleType with ID 1.
||04-17-2023||00:01:00||http-nio-8080-exec-5||ERROR||ExampleController||WillyWonka||Successfully saved a Contact with ID 43.
||04-17-2023||00:43:00||http-nio-8080-exec-5||INFO||ExampleController||WillyWonka||Successfully deleted a Vehicle with ID 38.
||04-18-2023||18:38:00||http-nio-8080-exec-5||ERROR||ExampleController||WillyWonka||Successfully saved a Location with ID 33.
||04-18-2023||00:33:00||http-nio-8080-exec-5||ERROR||ExampleController||WillyWonka||Successfully deleted a VehicleType with ID 30.
||04-18-2023||00:30:00||http-nio-8080-exec-5||INFO||ExampleController||WillyWonka||Successfully deleted a Driver with ID 1.
||04-19-2023||23:27:00||http-nio-8080-exec-5||ERROR||ExampleController||ShadowAdmin||Successfully saved a Vehicle with ID 12.
||04-19-2023||00:12:00||http-nio-8080-exec-5||ERROR||ExampleController||Carrier||Successfully deleted a Maintenance Order with ID 37.
||04-19-2023||00:37:00||http-nio-8080-exec-5||INFO||ExampleController||AdminTry||Successfully deleted a Location with ID 4.
||04-20-2023||15:05:00||http-nio-8080-exec-5||INFO||ExampleController||Carrier||Successfully saved a Vehicle with ID 26.
||04-20-2023||00:26:00||http-nio-8080-exec-5||ERROR||ExampleController||Shipper||Successfully deleted a Location with ID 15.
||04-20-2023||00:15:00||http-nio-8080-exec-5||INFO||ExampleController||Carrier||Successfully saved a Location with ID 18.
||04-21-2023||05:19:00||http-nio-8080-exec-5||INFO||ExampleController||AdminTry||Successfully updated a Contact with ID 33.
||04-21-2023||00:33:00||http-nio-8080-exec-5||ERROR||ExampleController||Auctioneer||Successfully deleted a Vehicle with ID 36.
||04-21-2023||00:36:00||http-nio-8080-exec-5||INFO||ExampleController||Carrier||Successfully updated a Technician with ID 40.
||04-22-2023||00:49:00||http-nio-8080-exec-5||INFO||ExampleController||AdminTry||Successfully updated a VehicleType with ID 25.
||04-22-2023||00:25:00||http-nio-8080-exec-5||INFO||ExampleController||AdminTry||Successfully deleted a Driver with ID 34.
||04-22-2023||00:34:00||http-nio-8080-exec-5||INFO||ExampleController||Carrier||Successfully deleted a Vehicle with ID 4.
||04-23-2023||09:55:00||http-nio-8080-exec-5||INFO||ExampleController||WillyWonka||Successfully updated a Contact with ID 48.
||04-23-2023||00:48:00||http-nio-8080-exec-5||ERROR||ExampleController||ShadowAdmin||Successfully updated a Shipment with ID 20.
||04-23-2023||00:20:00||http-nio-8080-exec-5||INFO||ExampleController||Auctioneer||Successfully saved a Driver with ID 36.
||04-24-2023||08:20:00||http-nio-8080-exec-5||ERROR||ExampleController||WillyWonka||Successfully updated a Shipment with ID 45.
||04-24-2023||00:45:00||http-nio-8080-exec-5||ERROR||ExampleController||AdminTry||Successfully deleted a Bid with ID 5.
||04-24-2023||00:05:00||http-nio-8080-exec-5||INFO||ExampleController||Shipper||Successfully updated a Bid with ID 12.
||04-28-2023||14:04:49||http-nio-8080-exec-3||INFO ||CustomLoginSuccessHandler                         ||AdminTry || logged in.
||04-28-2023||14:16:55||http-nio-8080-exec-8||INFO ||CustomLoginSuccessHandler                         ||AdminTry || logged in.
||04-28-2023||14:28:08||http-nio-8080-exec-10||INFO ||CustomLoginSuccessHandler                         ||Admin || logged in.
||04-28-2023||14:58:25||http-nio-8080-exec-2||INFO ||CustomLoginSuccessHandler                         ||Admin || logged in.
||04-28-2023||15:02:55||http-nio-8080-exec-6||INFO ||CustomLoginSuccessHandler                         ||Admin || logged in.
||04-28-2023||15:05:08||http-nio-8080-exec-1||INFO ||CustomLogoutSuccessHandler                        ||Admin || logged out.
||04-28-2023||15:05:17||http-nio-8080-exec-3||INFO ||CustomLoginSuccessHandler                         ||Auctioneer || logged in.
||04-28-2023||15:05:27||http-nio-8080-exec-2||INFO ||CustomLogoutSuccessHandler                        ||Auctioneer || logged out.
||04-28-2023||15:05:34||http-nio-8080-exec-7||INFO ||CustomLoginSuccessHandler                         ||Shipper || logged in.
||04-28-2023||15:05:52||http-nio-8080-exec-1||INFO ||CustomLogoutSuccessHandler                        ||Shipper || logged out.
||04-28-2023||15:06:02||http-nio-8080-exec-3||INFO ||CustomLoginSuccessHandler                         ||Carrier || logged in.
||04-28-2023||15:06:05||http-nio-8080-exec-10||INFO ||CustomLogoutSuccessHandler                        ||Carrier || logged out.
||04-28-2023||15:06:12||http-nio-8080-exec-1||INFO ||CustomLoginSuccessHandler                         ||ShadowAdmin || logged in.
||04-28-2023||15:06:19||http-nio-8080-exec-6||INFO ||CustomLogoutSuccessHandler                        ||ShadowAdmin || logged out.
||04-28-2023||15:10:54||http-nio-8080-exec-4||INFO ||CustomLoginSuccessHandler                         ||Admin || logged in.
||04-28-2023||15:19:36||http-nio-8080-exec-9||INFO ||CustomLogoutSuccessHandler                        ||Admin || logged out.
||04-28-2023||15:19:44||http-nio-8080-exec-4||INFO ||CustomLoginSuccessHandler                         ||Shipper || logged in.
||04-28-2023||15:20:06||http-nio-8080-exec-1||INFO ||ExcelController                                   ||Shipper || saved shipment with ID 1.
||04-28-2023||15:20:06||http-nio-8080-exec-1||INFO ||ExcelController                                   ||Shipper || saved shipment with ID 2.
||04-28-2023||15:20:06||http-nio-8080-exec-1||INFO ||ExcelController                                   ||Shipper || saved shipment with ID 3.
||04-28-2023||15:20:06||http-nio-8080-exec-1||INFO ||ExcelController                                   ||Shipper || saved shipment with ID 4.
||04-28-2023||15:20:06||http-nio-8080-exec-1||INFO ||ExcelController                                   ||Shipper || saved shipment with ID 5.
||04-28-2023||15:20:06||http-nio-8080-exec-1||INFO ||ExcelController                                   ||Shipper || saved shipment with ID 6.
||04-28-2023||15:20:06||http-nio-8080-exec-1||INFO ||ExcelController                                   ||Shipper || saved shipment with ID 7.
||04-28-2023||15:20:06||http-nio-8080-exec-1||INFO ||ExcelController                                   ||Shipper || saved shipment with ID 8.
||04-28-2023||15:20:06||http-nio-8080-exec-1||INFO ||ExcelController                                   ||Shipper || saved shipment with ID 9.
||04-28-2023||15:20:11||http-nio-8080-exec-2||INFO ||AuctionController                                 ||Shipper || successfully pushed the shipment with ID 1 to auction.
||04-28-2023||15:20:15||http-nio-8080-exec-4||INFO ||AuctionController                                 ||Shipper || successfully pushed the shipment with ID 2 to auction.
||04-28-2023||15:20:18||http-nio-8080-exec-8||INFO ||AuctionController                                 ||Shipper || successfully pushed the shipment with ID 3 to auction.
||04-28-2023||15:20:21||http-nio-8080-exec-9||INFO ||AuctionController                                 ||Shipper || successfully pushed the shipment with ID 4 to auction.
||04-28-2023||15:30:25||http-nio-8080-exec-6||INFO ||CustomLoginSuccessHandler                         ||Shipper || logged in.
||04-28-2023||15:31:09||http-nio-8080-exec-6||INFO ||CustomLoginSuccessHandler                         ||Shipper || logged in.
||04-28-2023||15:51:58||http-nio-8080-exec-6||INFO ||CustomLoginSuccessHandler                         ||Admin || logged in.
||04-28-2023||15:53:08||http-nio-8080-exec-2||INFO ||CustomLoginSuccessHandler                         ||Admin || logged in.
||04-28-2023||15:54:35||http-nio-8080-exec-7||INFO ||CustomLoginSuccessHandler                         ||Admin || logged in.
||04-28-2023||15:56:22||http-nio-8080-exec-8||INFO ||CustomLoginSuccessHandler                         ||Admin || logged in.
||04-28-2023||16:00:34||http-nio-8080-exec-4||INFO ||CustomLoginSuccessHandler                         ||Admin || logged in.
||04-28-2023||16:01:31||http-nio-8080-exec-5||INFO ||CustomLoginSuccessHandler                         ||Admin || logged in.
||04-28-2023||16:04:22||http-nio-8080-exec-6||INFO ||CustomLoginSuccessHandler                         ||Admin || logged in.
||04-28-2023||16:05:56||http-nio-8080-exec-7||INFO ||CustomLoginSuccessHandler                         ||Admin || logged in.
||04-28-2023||16:06:45||http-nio-8080-exec-7||INFO ||CustomLoginSuccessHandler                         ||Admin || logged in.
||04-28-2023||16:07:45||http-nio-8080-exec-2||INFO ||CustomLoginSuccessHandler                         ||Admin || logged in.
||04-28-2023||16:09:03||http-nio-8080-exec-7||INFO ||CustomLoginSuccessHandler                         ||Admin || logged in.
||04-28-2023||16:30:13||http-nio-8080-exec-1||INFO ||CustomLoginSuccessHandler                         ||Admin || logged in.
||04-28-2023||16:33:13||http-nio-8080-exec-8||INFO ||CustomLogoutSuccessHandler                        ||Admin || logged out.
||04-28-2023||16:33:21||http-nio-8080-exec-3||INFO ||CustomLoginSuccessHandler                         ||ShadowAdmin || logged in.
||04-28-2023||16:36:39||http-nio-8080-exec-5||INFO ||CustomLoginSuccessHandler                         ||Admin || logged in.
||04-28-2023||16:37:56||http-nio-8080-exec-3||INFO ||CustomLoginSuccessHandler                         ||Admin || logged in.
||04-28-2023||16:38:58||http-nio-8080-exec-4||INFO ||CustomLoginSuccessHandler                         ||Admin || logged in.
||04-28-2023||16:43:17||http-nio-8080-exec-1||INFO ||CustomLoginSuccessHandler                         ||Admin || logged in.
||04-28-2023||16:44:36||http-nio-8080-exec-2||INFO ||CustomLogoutSuccessHandler                        ||Admin || logged out.
||04-28-2023||16:44:44||http-nio-8080-exec-9||INFO ||CustomLoginSuccessHandler                         ||Shipper || logged in.
||04-28-2023||16:48:01||http-nio-8080-exec-6||INFO ||CustomLoginSuccessHandler                         ||Admin || logged in.
||04-28-2023||16:49:16||http-nio-8080-exec-6||INFO ||CustomLoginSuccessHandler                         ||Admin || logged in.
||04-28-2023||16:57:52||http-nio-8080-exec-7||INFO ||CustomLoginSuccessHandler                         ||Admin || logged in.
||04-28-2023||16:58:43||http-nio-8080-exec-8||INFO ||CustomLoginSuccessHandler                         ||Admin || logged in.
||04-28-2023||17:00:33||http-nio-8080-exec-2||INFO ||CustomLoginSuccessHandler                         ||Admin || logged in.
||04-28-2023||17:01:20||http-nio-8080-exec-7||INFO ||CustomLoginSuccessHandler                         ||Admin || logged in.
||04-28-2023||17:04:22||http-nio-8080-exec-4||INFO ||CustomLoginSuccessHandler                         ||Admin || logged in.
||04-28-2023||17:06:11||http-nio-8080-exec-8||INFO ||CustomLoginSuccessHandler                         ||Admin || logged in.
||04-28-2023||17:10:30||http-nio-8080-exec-6||INFO ||CustomLoginSuccessHandler                         ||Admin || logged in.
||04-28-2023||17:16:19||http-nio-8080-exec-5||INFO ||CustomLoginSuccessHandler                         ||Admin || logged in.
||04-28-2023||17:19:19||http-nio-8080-exec-5||INFO ||CustomLoginSuccessHandler                         ||Admin || logged in.
||04-28-2023||17:21:41||http-nio-8080-exec-7||INFO ||CustomLoginSuccessHandler                         ||Admin || logged in.
||04-28-2023||17:23:06||http-nio-8080-exec-7||INFO ||CustomLogoutSuccessHandler                        ||Admin || logged out.
||04-28-2023||17:23:14||http-nio-8080-exec-2||INFO ||CustomLoginSuccessHandler                         ||Admin || logged in.
||04-28-2023||17:24:56||http-nio-8080-exec-3||INFO ||CustomLoginSuccessHandler                         ||Admin || logged in.
||04-28-2023||17:26:19||http-nio-8080-exec-7||INFO ||CustomLoginSuccessHandler                         ||Admin || logged in.
||04-28-2023||17:27:55||http-nio-8080-exec-5||INFO ||CustomLoginSuccessHandler                         ||Admin || logged in.
||04-28-2023||17:29:55||http-nio-8080-exec-4||INFO ||CustomLoginSuccessHandler                         ||Admin || logged in.
||04-28-2023||17:35:06||http-nio-8080-exec-5||INFO ||CustomLoginSuccessHandler                         ||Admin || logged in.
||04-28-2023||17:36:18||http-nio-8080-exec-8||INFO ||CustomLoginSuccessHandler                         ||Admin || logged in.
||04-28-2023||18:01:14||http-nio-8080-exec-7||INFO ||CustomLoginSuccessHandler                         ||Admin || logged in.
||04-28-2023||18:04:22||http-nio-8080-exec-7||INFO ||CustomLoginSuccessHandler                         ||Admin || logged in.
||04-28-2023||18:05:19||http-nio-8080-exec-3||INFO ||CustomLoginSuccessHandler                         ||Admin || logged in.
||04-28-2023||18:06:11||http-nio-8080-exec-8||INFO ||CustomLoginSuccessHandler                         ||Admin || logged in.
||04-28-2023||18:07:25||http-nio-8080-exec-3||INFO ||CustomLoginSuccessHandler                         ||Admin || logged in.
||04-28-2023||18:08:23||http-nio-8080-exec-9||INFO ||CustomLoginSuccessHandler                         ||Admin || logged in.
||04-28-2023||18:11:27||http-nio-8080-exec-4||INFO ||CustomLoginSuccessHandler                         ||Admin || logged in.
||04-28-2023||18:11:55||http-nio-8080-exec-3||INFO ||CustomLogoutSuccessHandler                        ||Admin || logged out.
||04-28-2023||18:12:01||http-nio-8080-exec-4||INFO ||CustomLoginSuccessHandler                         ||Shipper || logged in.
||04-28-2023||18:14:09||http-nio-8080-exec-3||INFO ||CustomLoginSuccessHandler                         ||Shipper || logged in.
||04-28-2023||18:14:27||http-nio-8080-exec-10||INFO ||CustomLoginSuccessHandler                         ||Shipper || logged in.
||04-28-2023||18:20:55||http-nio-8080-exec-6||INFO ||CustomLoginSuccessHandler                         ||Shipper || logged in.
||04-28-2023||18:21:07||http-nio-8080-exec-6||INFO ||CustomLoginSuccessHandler                         ||Shipper || logged in.
||04-28-2023||18:24:38||http-nio-8080-exec-7||INFO ||CustomLoginSuccessHandler                         ||Shipper || logged in.
||04-28-2023||18:25:14||http-nio-8080-exec-1||INFO ||ExcelController                                   ||Shipper || saved shipment with ID 10.
||04-28-2023||18:25:14||http-nio-8080-exec-1||INFO ||ExcelController                                   ||Shipper || saved shipment with ID 11.
||04-28-2023||18:25:14||http-nio-8080-exec-1||INFO ||ExcelController                                   ||Shipper || saved shipment with ID 12.
||04-28-2023||18:25:14||http-nio-8080-exec-1||INFO ||ExcelController                                   ||Shipper || saved shipment with ID 13.
||04-28-2023||18:25:14||http-nio-8080-exec-1||INFO ||ExcelController                                   ||Shipper || saved shipment with ID 14.
||04-28-2023||18:25:14||http-nio-8080-exec-1||INFO ||ExcelController                                   ||Shipper || saved shipment with ID 15.
||04-28-2023||18:25:14||http-nio-8080-exec-1||INFO ||ExcelController                                   ||Shipper || saved shipment with ID 16.
||04-28-2023||18:25:14||http-nio-8080-exec-1||INFO ||ExcelController                                   ||Shipper || saved shipment with ID 17.
||04-28-2023||18:25:14||http-nio-8080-exec-1||INFO ||ExcelController                                   ||Shipper || saved shipment with ID 18.
||04-28-2023||18:25:35||http-nio-8080-exec-10||INFO ||AuctionController                                 ||Shipper || successfully pushed the shipment with ID 14 to auction.
||04-28-2023||18:26:30||http-nio-8080-exec-2||INFO ||CustomLogoutSuccessHandler                        ||Shipper || logged out.
||04-28-2023||18:26:40||http-nio-8080-exec-1||INFO ||CustomLoginSuccessHandler                         ||Auctioneer || logged in.
||04-28-2023||18:28:47||http-nio-8080-exec-5||INFO ||CustomLoginSuccessHandler                         ||Auctioneer || logged in.
||04-28-2023||18:31:18||http-nio-8080-exec-4||INFO ||CustomLoginSuccessHandler                         ||Auctioneer || logged in.
||04-28-2023||18:32:08||http-nio-8080-exec-9||INFO ||CustomLogoutSuccessHandler                        ||Auctioneer || logged out.
||04-28-2023||18:32:15||http-nio-8080-exec-7||INFO ||CustomLoginSuccessHandler                         ||Carrier || logged in.
||04-28-2023||18:35:54||http-nio-8080-exec-6||INFO ||CustomLoginSuccessHandler                         ||Auctioneer || logged in.
||04-28-2023||18:36:04||http-nio-8080-exec-1||INFO ||ShipmentsController                               ||Auctioneer || successfully froze shipment with ID 1.
||04-28-2023||18:36:09||http-nio-8080-exec-4||INFO ||ShipmentsController                               ||Auctioneer || successfully froze shipment with ID 9.
||04-28-2023||18:36:13||http-nio-8080-exec-9||INFO ||ShipmentsController                               ||Auctioneer || successfully froze shipment with ID 10.
||04-28-2023||18:37:33||http-nio-8080-exec-5||INFO ||CustomLoginSuccessHandler                         ||Auctioneer || logged in.
||04-28-2023||18:42:30||http-nio-8080-exec-5||INFO ||CustomLoginSuccessHandler                         ||Auctioneer || logged in.
||04-28-2023||18:42:54||http-nio-8080-exec-9||INFO ||CustomLogoutSuccessHandler                        ||Auctioneer || logged out.
||04-28-2023||18:43:00||http-nio-8080-exec-10||INFO ||CustomLoginSuccessHandler                         ||Carrier || logged in.
||04-28-2023||18:43:05||http-nio-8080-exec-6||INFO ||BidsController                                    ||Carrier || successfully created a new bid with ID 1
||04-28-2023||18:43:10||http-nio-8080-exec-10||INFO ||BidsController                                    ||Carrier || successfully created a new bid with ID 2
||04-28-2023||18:43:17||http-nio-8080-exec-5||INFO ||BidsController                                    ||Carrier || successfully created a new bid with ID 3
||04-28-2023||18:43:23||http-nio-8080-exec-1||INFO ||BidsController                                    ||Carrier || successfully created a new bid with ID 4
||04-28-2023||18:44:47||http-nio-8080-exec-6||INFO ||CustomLoginSuccessHandler                         ||Carrier || logged in.
||04-28-2023||18:45:46||http-nio-8080-exec-3||INFO ||CustomLoginSuccessHandler                         ||Carrier || logged in.
||04-28-2023||18:46:05||http-nio-8080-exec-8||INFO ||CustomLogoutSuccessHandler                        ||Carrier || logged out.
||04-28-2023||18:46:12||http-nio-8080-exec-4||INFO ||CustomLoginSuccessHandler                         ||Shipper || logged in.
||04-28-2023||18:46:52||http-nio-8080-exec-6||INFO ||CustomLoginSuccessHandler                         ||Shipper || logged in.
||04-28-2023||18:48:04||http-nio-8080-exec-4||INFO ||CustomLoginSuccessHandler                         ||Carrier || logged in.
||04-28-2023||18:48:40||http-nio-8080-exec-6||INFO ||CustomLoginSuccessHandler                         ||Carrier || logged in.
||04-28-2023||18:49:31||http-nio-8080-exec-2||INFO ||ExcelController                                   ||Carrier || saved Contact with ID 1.
||04-28-2023||18:49:31||http-nio-8080-exec-2||INFO ||ExcelController                                   ||Carrier || saved Contact with ID 2.
||04-28-2023||18:49:31||http-nio-8080-exec-2||INFO ||ExcelController                                   ||Carrier || saved Contact with ID 3.
||04-28-2023||18:49:31||http-nio-8080-exec-2||INFO ||ExcelController                                   ||Carrier || saved Contact with ID 4.
||04-28-2023||18:49:31||http-nio-8080-exec-2||INFO ||ExcelController                                   ||Carrier || saved Contact with ID 5.
||04-28-2023||18:49:31||http-nio-8080-exec-2||INFO ||ExcelController                                   ||Carrier || saved Contact with ID 6.
||04-28-2023||18:49:31||http-nio-8080-exec-2||INFO ||ExcelController                                   ||Carrier || saved Contact with ID 7.
||04-28-2023||18:49:31||http-nio-8080-exec-2||INFO ||ExcelController                                   ||Carrier || saved Contact with ID 8.
||04-28-2023||18:49:31||http-nio-8080-exec-2||INFO ||ExcelController                                   ||Carrier || saved Contact with ID 9.
||04-28-2023||18:49:47||http-nio-8080-exec-3||INFO ||ExcelController                                   ||Carrier || saved Vehicle Type with ID 1.
||04-28-2023||18:49:47||http-nio-8080-exec-3||INFO ||ExcelController                                   ||Carrier || saved Vehicle Type with ID 2.
||04-28-2023||18:49:47||http-nio-8080-exec-3||INFO ||ExcelController                                   ||Carrier || saved Vehicle Type with ID 3.
||04-28-2023||18:49:47||http-nio-8080-exec-3||INFO ||ExcelController                                   ||Carrier || saved Vehicle Type with ID 4.
||04-28-2023||18:49:47||http-nio-8080-exec-3||INFO ||ExcelController                                   ||Carrier || saved Vehicle Type with ID 5.
||04-28-2023||18:49:47||http-nio-8080-exec-3||INFO ||ExcelController                                   ||Carrier || saved Vehicle Type with ID 6.
||04-28-2023||18:49:47||http-nio-8080-exec-3||INFO ||ExcelController                                   ||Carrier || saved Vehicle Type with ID 7.
||04-28-2023||18:49:47||http-nio-8080-exec-3||INFO ||ExcelController                                   ||Carrier || saved Vehicle Type with ID 8.
||04-28-2023||18:49:47||http-nio-8080-exec-3||INFO ||ExcelController                                   ||Carrier || saved Vehicle Type with ID 9.
||04-28-2023||18:49:57||http-nio-8080-exec-8||INFO ||ExcelController                                   ||Carrier || saved Location with ID 1.
||04-28-2023||18:49:57||http-nio-8080-exec-8||INFO ||ExcelController                                   ||Carrier || saved Location with ID 2.
||04-28-2023||18:49:57||http-nio-8080-exec-8||INFO ||ExcelController                                   ||Carrier || saved Location with ID 3.
||04-28-2023||18:49:57||http-nio-8080-exec-8||INFO ||ExcelController                                   ||Carrier || saved Location with ID 4.
||04-28-2023||18:49:57||http-nio-8080-exec-8||INFO ||ExcelController                                   ||Carrier || saved Location with ID 5.
||04-28-2023||18:49:57||http-nio-8080-exec-8||INFO ||ExcelController                                   ||Carrier || saved Location with ID 6.
||04-28-2023||18:49:57||http-nio-8080-exec-8||INFO ||ExcelController                                   ||Carrier || saved Location with ID 7.
||04-28-2023||18:49:57||http-nio-8080-exec-8||INFO ||ExcelController                                   ||Carrier || saved Location with ID 8.
||04-28-2023||18:49:57||http-nio-8080-exec-8||INFO ||ExcelController                                   ||Carrier || saved Location with ID 9.
||04-28-2023||18:50:10||http-nio-8080-exec-8||INFO ||ExcelController                                   ||Carrier || saved Technician with ID 1.
||04-28-2023||18:50:10||http-nio-8080-exec-8||INFO ||ExcelController                                   ||Carrier || saved Technician with ID 2.
||04-28-2023||18:50:10||http-nio-8080-exec-8||INFO ||ExcelController                                   ||Carrier || saved Technician with ID 3.
||04-28-2023||18:50:10||http-nio-8080-exec-8||INFO ||ExcelController                                   ||Carrier || saved Technician with ID 4.
||04-28-2023||18:50:10||http-nio-8080-exec-8||INFO ||ExcelController                                   ||Carrier || saved Technician with ID 5.
||04-28-2023||18:50:10||http-nio-8080-exec-8||INFO ||ExcelController                                   ||Carrier || saved Technician with ID 6.
||04-28-2023||18:50:10||http-nio-8080-exec-8||INFO ||ExcelController                                   ||Carrier || saved Technician with ID 7.
||04-28-2023||18:50:10||http-nio-8080-exec-8||INFO ||ExcelController                                   ||Carrier || saved Technician with ID 8.
||04-28-2023||18:50:10||http-nio-8080-exec-8||INFO ||ExcelController                                   ||Carrier || saved Technician with ID 9.
||04-28-2023||18:50:29||http-nio-8080-exec-2||INFO ||ExcelController                                   ||Carrier || saved Vehicle with ID 1.
||04-28-2023||18:50:29||http-nio-8080-exec-2||INFO ||ExcelController                                   ||Carrier || saved Vehicle with ID 2.
||04-28-2023||18:50:29||http-nio-8080-exec-2||INFO ||ExcelController                                   ||Carrier || saved Vehicle with ID 3.
||04-28-2023||18:50:29||http-nio-8080-exec-2||INFO ||ExcelController                                   ||Carrier || saved Vehicle with ID 4.
||04-28-2023||18:50:29||http-nio-8080-exec-2||INFO ||ExcelController                                   ||Carrier || saved Vehicle with ID 5.
||04-28-2023||18:50:29||http-nio-8080-exec-2||INFO ||ExcelController                                   ||Carrier || saved Vehicle with ID 6.
||04-28-2023||18:50:29||http-nio-8080-exec-2||INFO ||ExcelController                                   ||Carrier || saved Vehicle with ID 7.
||04-28-2023||18:50:29||http-nio-8080-exec-2||INFO ||ExcelController                                   ||Carrier || saved Vehicle with ID 8.
||04-28-2023||18:50:40||http-nio-8080-exec-5||INFO ||ExcelController                                   ||Carrier || saved Driver with ID 1.
||04-28-2023||18:50:40||http-nio-8080-exec-5||INFO ||ExcelController                                   ||Carrier || saved Driver with ID 2.
||04-28-2023||18:50:40||http-nio-8080-exec-5||INFO ||ExcelController                                   ||Carrier || saved Driver with ID 3.
||04-28-2023||18:50:40||http-nio-8080-exec-5||INFO ||ExcelController                                   ||Carrier || saved Driver with ID 4.
||04-28-2023||18:50:40||http-nio-8080-exec-5||INFO ||ExcelController                                   ||Carrier || saved Driver with ID 5.
||04-28-2023||18:50:40||http-nio-8080-exec-5||INFO ||ExcelController                                   ||Carrier || saved Driver with ID 6.
||04-28-2023||18:50:40||http-nio-8080-exec-5||INFO ||ExcelController                                   ||Carrier || saved Driver with ID 7.
||04-28-2023||18:50:40||http-nio-8080-exec-5||INFO ||ExcelController                                   ||Carrier || saved Driver with ID 8.
||04-28-2023||18:50:55||http-nio-8080-exec-8||INFO ||ExcelController                                   ||Carrier || saved Maintenance Order with ID 1.
||04-28-2023||18:50:55||http-nio-8080-exec-8||INFO ||ExcelController                                   ||Carrier || saved Maintenance Order with ID 2.
||04-28-2023||18:50:55||http-nio-8080-exec-8||INFO ||ExcelController                                   ||Carrier || saved Maintenance Order with ID 3.
||04-28-2023||18:50:55||http-nio-8080-exec-8||INFO ||ExcelController                                   ||Carrier || saved Maintenance Order with ID 4.
||04-28-2023||18:50:55||http-nio-8080-exec-8||INFO ||ExcelController                                   ||Carrier || saved Maintenance Order with ID 5.
||04-28-2023||18:50:55||http-nio-8080-exec-8||INFO ||ExcelController                                   ||Carrier || saved Maintenance Order with ID 6.
||04-28-2023||18:50:55||http-nio-8080-exec-8||INFO ||ExcelController                                   ||Carrier || saved Maintenance Order with ID 7.
||04-28-2023||18:50:55||http-nio-8080-exec-8||INFO ||ExcelController                                   ||Carrier || saved Maintenance Order with ID 8.
||04-28-2023||18:58:19||http-nio-8080-exec-8||INFO ||CustomLoginSuccessHandler                         ||Carrier || logged in.
||04-28-2023||19:00:01||http-nio-8080-exec-4||INFO ||CustomLoginSuccessHandler                         ||Carrier || logged in.
||04-28-2023||19:01:52||http-nio-8080-exec-7||INFO ||CustomLoginSuccessHandler                         ||Carrier || logged in.
||04-28-2023||19:11:41||http-nio-8080-exec-6||INFO ||CustomLoginSuccessHandler                         ||Carrier || logged in.
||04-28-2023||19:19:24||http-nio-8080-exec-8||INFO ||CustomLoginSuccessHandler                         ||Carrier || logged in.
||04-28-2023||19:19:44||http-nio-8080-exec-5||INFO ||CustomLogoutSuccessHandler                        ||Carrier || logged out.
||04-28-2023||19:20:39||http-nio-8080-exec-4||INFO ||CustomLoginSuccessHandler                         ||Carrier || logged in.
||04-28-2023||19:23:16||http-nio-8080-exec-9||INFO ||CustomLogoutSuccessHandler                        ||Carrier || logged out.
||04-28-2023||19:23:30||http-nio-8080-exec-2||INFO ||CustomLoginSuccessHandler                         ||Admin || logged in.
||04-28-2023||20:08:48||http-nio-8080-exec-7||INFO ||CustomLoginSuccessHandler                         ||Admin || logged in.
||04-28-2023||20:09:03||http-nio-8080-exec-1||ERROR||UserController                                    ||Admin || successfully updated a shipper with ID 4.
||04-28-2023||20:09:12||http-nio-8080-exec-3||ERROR||UserController                                    ||Admin || successfully updated a shipper with ID 4.
||04-28-2023||20:27:37||http-nio-8080-exec-7||INFO ||CustomLoginSuccessHandler                         ||Admin || logged in.
||04-28-2023||20:27:53||http-nio-8080-exec-6||ERROR||UserController                                    ||Admin || successfully updated a shipper with ID 4.
||04-28-2023||20:39:37||http-nio-8080-exec-3||INFO ||CustomLoginSuccessHandler                         ||Admin || logged in.
||04-28-2023||20:39:48||http-nio-8080-exec-7||ERROR||UserController                                    ||Admin || successfully updated a shipper with ID 4.
||04-28-2023||20:50:06||http-nio-8080-exec-5||INFO ||CustomLoginSuccessHandler                         ||Admin || logged in.
||04-28-2023||20:51:14||http-nio-8080-exec-10||INFO ||UserController                                    ||Admin || successfully saved a shipper with ID 8.
||04-28-2023||20:51:22||http-nio-8080-exec-5||ERROR||UserController                                    ||Admin || successfully updated a shipper with ID 8.
||04-28-2023||20:51:29||http-nio-8080-exec-9||ERROR||UserController                                    ||Admin || successfully updated a shipper with ID 8.
||04-28-2023||20:53:22||http-nio-8080-exec-10||ERROR||UserController                                    ||Admin || successfully updated a shipper with ID 8.
||04-28-2023||20:53:56||http-nio-8080-exec-3||ERROR||UserController                                    ||Admin || successfully updated a shipper with ID 8.
||04-28-2023||20:54:49||http-nio-8080-exec-9||ERROR||UserController                                    ||Admin || successfully updated a shipper with ID 8.
||04-28-2023||20:55:56||http-nio-8080-exec-6||INFO ||CustomLoginSuccessHandler                         ||Admin || logged in.
||04-28-2023||20:56:15||http-nio-8080-exec-6||ERROR||UserController                                    ||Admin || successfully updated a shipper with ID 8.
||04-28-2023||20:56:22||http-nio-8080-exec-5||ERROR||UserController                                    ||Admin || successfully updated a shipper with ID 8.
||04-28-2023||21:01:58||http-nio-8080-exec-8||INFO ||CustomLoginSuccessHandler                         ||Admin || logged in.
||04-28-2023||21:02:10||http-nio-8080-exec-6||ERROR||UserController                                    ||Admin || successfully updated a shipper with ID 8.
||04-28-2023||21:02:58||http-nio-8080-exec-4||ERROR||UserController                                    ||Admin || successfully updated a shipper with ID 8.
||04-28-2023||21:12:44||http-nio-8080-exec-3||INFO ||CustomLoginSuccessHandler                         ||Admin || logged in.
||04-28-2023||21:18:15||http-nio-8080-exec-3||INFO ||CustomLoginSuccessHandler                         ||Admin || logged in.
||04-28-2023||21:18:25||http-nio-8080-exec-5||ERROR||UserController                                    ||Admin || successfully updated a shipper with ID 8.
||04-28-2023||21:33:12||http-nio-8080-exec-4||INFO ||CustomLoginSuccessHandler                         ||Admin || logged in.
||04-28-2023||21:33:22||http-nio-8080-exec-9||ERROR||UserController                                    ||Admin || successfully updated a shipper with ID 8.
||04-28-2023||21:38:54||http-nio-8080-exec-3||INFO ||CustomLoginSuccessHandler                         ||Admin || logged in.
||04-28-2023||21:39:08||http-nio-8080-exec-7||ERROR||UserController                                    ||Admin || successfully updated a shipper with ID 8.
||04-28-2023||21:39:15||http-nio-8080-exec-6||ERROR||UserController                                    ||Admin || successfully updated a shipper with ID 8.
||04-28-2023||21:39:19||http-nio-8080-exec-6||ERROR||UserController                                    ||Admin || successfully updated a shipper with ID 8.
||04-28-2023||21:51:58||http-nio-8080-exec-2||INFO ||CustomLoginSuccessHandler                         ||Admin || logged in.
||04-28-2023||21:57:01||http-nio-8080-exec-3||INFO ||CustomLoginSuccessHandler                         ||Admin || logged in.
||04-28-2023||21:57:59||http-nio-8080-exec-6||INFO ||CarriersController                                ||Admin || successfully saved a carrier with ID 9.
||04-28-2023||21:59:55||http-nio-8080-exec-10||ERROR||CarriersController                                ||Admin || successfully updated a carrier with ID 9.
||04-28-2023||22:00:01||http-nio-8080-exec-4||ERROR||CarriersController                                ||Admin || successfully updated a carrier with ID 9.
||04-28-2023||22:00:24||http-nio-8080-exec-2||ERROR||CarriersController                                ||Admin || successfully updated a carrier with ID 9.
||04-28-2023||22:00:36||http-nio-8080-exec-2||ERROR||CarriersController                                ||Admin || successfully updated a carrier with ID 9.
||04-28-2023||22:02:31||http-nio-8080-exec-2||ERROR||CarriersController                                ||Admin || successfully updated a carrier with ID 9.
||04-28-2023||22:06:22||http-nio-8080-exec-5||INFO ||CustomLoginSuccessHandler                         ||Admin || logged in.
||04-28-2023||22:06:32||http-nio-8080-exec-8||ERROR||CarriersController                                ||Admin || successfully updated a carrier with ID 9.
||04-28-2023||22:06:39||http-nio-8080-exec-1||ERROR||CarriersController                                ||Admin || successfully updated a carrier with ID 9.
||04-28-2023||22:09:32||http-nio-8080-exec-7||INFO ||CustomLoginSuccessHandler                         ||Admin || logged in.
||04-28-2023||22:09:43||http-nio-8080-exec-9||ERROR||CarriersController                                ||Admin || successfully updated a carrier with ID 9.
||04-28-2023||22:10:58||http-nio-8080-exec-6||ERROR||CarriersController                                ||Admin || successfully updated a carrier with ID 9.
||04-28-2023||22:16:01||http-nio-8080-exec-3||INFO ||CustomLoginSuccessHandler                         ||Admin || logged in.
||04-28-2023||22:16:25||http-nio-8080-exec-6||ERROR||CarriersController                                ||Admin || successfully updated a carrier with ID 9.
||04-28-2023||22:17:09||http-nio-8080-exec-1||INFO ||UserController                                    ||Admin || successfully deleted the user JohnWick.
||04-28-2023||22:18:05||http-nio-8080-exec-1||ERROR||CarriersController                                ||Admin || attempted to save a carrier with the same carrier name as another carrier.
||04-28-2023||22:18:39||http-nio-8080-exec-7||ERROR||CarriersController                                ||Admin || attempted to add a carrier but the scac was not between 2 and 4 alphanumeric characters.
||04-28-2023||22:19:03||http-nio-8080-exec-5||INFO ||CarriersController                                ||Admin || successfully saved a carrier with ID 9.
||04-28-2023||22:19:11||http-nio-8080-exec-3||ERROR||CarriersController                                ||Admin || successfully updated a carrier with ID 9.
||04-28-2023||22:22:24||http-nio-8080-exec-6||ERROR||CarriersController                                ||Admin || successfully updated a carrier with ID 9.
||04-28-2023||22:22:30||http-nio-8080-exec-1||ERROR||CarriersController                                ||Admin || successfully updated a carrier with ID 9.
||04-28-2023||22:26:11||http-nio-8080-exec-4||INFO ||CustomLoginSuccessHandler                         ||Admin || logged in.
||04-28-2023||22:26:21||http-nio-8080-exec-5||ERROR||CarriersController                                ||Admin || successfully updated a carrier with ID 9.
||04-28-2023||22:26:29||http-nio-8080-exec-8||ERROR||CarriersController                                ||Admin || successfully updated a carrier with ID 9.
||04-28-2023||22:26:41||http-nio-8080-exec-8||ERROR||UserController                                    ||Admin || successfully updated a shipper with ID 8.
||04-28-2023||22:26:48||http-nio-8080-exec-3||ERROR||UserController                                    ||Admin || successfully updated a shipper with ID 8.
||04-28-2023||22:27:03||http-nio-8080-exec-8||ERROR||UserController                                    ||Admin || successfully updated a shipper with ID 8.
||04-28-2023||22:28:33||http-nio-8080-exec-3||INFO ||CustomLogoutSuccessHandler                        ||Admin || logged out.
||04-28-2023||22:28:38||http-nio-8080-exec-10||INFO ||CustomLoginSuccessHandler                         ||Carrier || logged in.
||04-28-2023||22:30:23||http-nio-8080-exec-7||INFO ||CustomLogoutSuccessHandler                        ||Carrier || logged out.
||04-28-2023||22:38:29||http-nio-8080-exec-7||INFO ||CustomLoginSuccessHandler                         ||Admin || logged in.
